<?xml version="1.0" encoding="UTF-8"?>
<testsuite xmlns:xsi="http://www.w3.org/2001/XMLSchema-instance" xsi:noNamespaceSchemaLocation="https://maven.apache.org/surefire/maven-surefire-plugin/xsd/surefire-test-report-3.0.xsd" version="3.0" name="edu.uob.CustomDBTests" time="0.045" tests="7" errors="0" skipped="0" failures="0">
  <properties>
    <property name="java.specification.version" value="17"/>
    <property name="sun.jnu.encoding" value="UTF-8"/>
    <property name="java.class.path" value="/Users/shinchuanchen/Documents/University_of_Bristol/JAVA2024/Weekly Workbooks/07 DB assignment/resources/cw-db/target/test-classes:/Users/shinchuanchen/Documents/University_of_Bristol/JAVA2024/Weekly Workbooks/07 DB assignment/resources/cw-db/target/classes:/Users/shinchuanchen/.m2/repository/org/junit/jupiter/junit-jupiter/5.8.2/junit-jupiter-5.8.2.jar:/Users/shinchuanchen/.m2/repository/org/junit/jupiter/junit-jupiter-api/5.8.2/junit-jupiter-api-5.8.2.jar:/Users/shinchuanchen/.m2/repository/org/opentest4j/opentest4j/1.2.0/opentest4j-1.2.0.jar:/Users/shinchuanchen/.m2/repository/org/junit/platform/junit-platform-commons/1.8.2/junit-platform-commons-1.8.2.jar:/Users/shinchuanchen/.m2/repository/org/apiguardian/apiguardian-api/1.1.2/apiguardian-api-1.1.2.jar:/Users/shinchuanchen/.m2/repository/org/junit/jupiter/junit-jupiter-params/5.8.2/junit-jupiter-params-5.8.2.jar:/Users/shinchuanchen/.m2/repository/org/junit/jupiter/junit-jupiter-engine/5.8.2/junit-jupiter-engine-5.8.2.jar:/Users/shinchuanchen/.m2/repository/org/junit/platform/junit-platform-engine/1.8.2/junit-platform-engine-1.8.2.jar:/Users/shinchuanchen/.m2/repository/org/junit/platform/junit-platform-suite/1.8.2/junit-platform-suite-1.8.2.jar:/Users/shinchuanchen/.m2/repository/org/junit/platform/junit-platform-suite-api/1.8.2/junit-platform-suite-api-1.8.2.jar:/Users/shinchuanchen/.m2/repository/org/junit/platform/junit-platform-suite-engine/1.8.2/junit-platform-suite-engine-1.8.2.jar:/Users/shinchuanchen/.m2/repository/org/junit/platform/junit-platform-suite-commons/1.8.2/junit-platform-suite-commons-1.8.2.jar:/Users/shinchuanchen/.m2/repository/org/junit/platform/junit-platform-launcher/1.8.2/junit-platform-launcher-1.8.2.jar:"/>
    <property name="java.vm.vendor" value="Eclipse Adoptium"/>
    <property name="sun.arch.data.model" value="64"/>
    <property name="java.vendor.url" value="https://adoptium.net/"/>
    <property name="os.name" value="Mac OS X"/>
    <property name="java.vm.specification.version" value="17"/>
    <property name="sun.java.launcher" value="SUN_STANDARD"/>
    <property name="user.country" value="GB"/>
    <property name="sun.boot.library.path" value="/Users/shinchuanchen/Library/Java/JavaVirtualMachines/temurin-17.0.13/Contents/Home/lib"/>
    <property name="sun.java.command" value="/Users/shinchuanchen/Documents/University_of_Bristol/JAVA2024/Weekly Workbooks/07 DB assignment/resources/cw-db/target/surefire/surefirebooter17943036747823014272.jar /Users/shinchuanchen/Documents/University_of_Bristol/JAVA2024/Weekly Workbooks/07 DB assignment/resources/cw-db/target/surefire 2025-03-11T18-17-54_255-jvmRun1 surefire14917852008474873243tmp surefire_07416670613809104007tmp"/>
    <property name="http.nonProxyHosts" value="local|*.local|169.254/16|*.169.254/16"/>
    <property name="jdk.debug" value="release"/>
    <property name="test" value="edu.uob.CustomDBTests"/>
    <property name="surefire.test.class.path" value="/Users/shinchuanchen/Documents/University_of_Bristol/JAVA2024/Weekly Workbooks/07 DB assignment/resources/cw-db/target/test-classes:/Users/shinchuanchen/Documents/University_of_Bristol/JAVA2024/Weekly Workbooks/07 DB assignment/resources/cw-db/target/classes:/Users/shinchuanchen/.m2/repository/org/junit/jupiter/junit-jupiter/5.8.2/junit-jupiter-5.8.2.jar:/Users/shinchuanchen/.m2/repository/org/junit/jupiter/junit-jupiter-api/5.8.2/junit-jupiter-api-5.8.2.jar:/Users/shinchuanchen/.m2/repository/org/opentest4j/opentest4j/1.2.0/opentest4j-1.2.0.jar:/Users/shinchuanchen/.m2/repository/org/junit/platform/junit-platform-commons/1.8.2/junit-platform-commons-1.8.2.jar:/Users/shinchuanchen/.m2/repository/org/apiguardian/apiguardian-api/1.1.2/apiguardian-api-1.1.2.jar:/Users/shinchuanchen/.m2/repository/org/junit/jupiter/junit-jupiter-params/5.8.2/junit-jupiter-params-5.8.2.jar:/Users/shinchuanchen/.m2/repository/org/junit/jupiter/junit-jupiter-engine/5.8.2/junit-jupiter-engine-5.8.2.jar:/Users/shinchuanchen/.m2/repository/org/junit/platform/junit-platform-engine/1.8.2/junit-platform-engine-1.8.2.jar:/Users/shinchuanchen/.m2/repository/org/junit/platform/junit-platform-suite/1.8.2/junit-platform-suite-1.8.2.jar:/Users/shinchuanchen/.m2/repository/org/junit/platform/junit-platform-suite-api/1.8.2/junit-platform-suite-api-1.8.2.jar:/Users/shinchuanchen/.m2/repository/org/junit/platform/junit-platform-suite-engine/1.8.2/junit-platform-suite-engine-1.8.2.jar:/Users/shinchuanchen/.m2/repository/org/junit/platform/junit-platform-suite-commons/1.8.2/junit-platform-suite-commons-1.8.2.jar:/Users/shinchuanchen/.m2/repository/org/junit/platform/junit-platform-launcher/1.8.2/junit-platform-launcher-1.8.2.jar:"/>
    <property name="sun.cpu.endian" value="little"/>
    <property name="user.home" value="/Users/shinchuanchen"/>
    <property name="user.language" value="en"/>
    <property name="java.specification.vendor" value="Oracle Corporation"/>
    <property name="java.version.date" value="2024-10-15"/>
    <property name="java.home" value="/Users/shinchuanchen/Library/Java/JavaVirtualMachines/temurin-17.0.13/Contents/Home"/>
    <property name="file.separator" value="/"/>
    <property name="basedir" value="/Users/shinchuanchen/Documents/University_of_Bristol/JAVA2024/Weekly Workbooks/07 DB assignment/resources/cw-db"/>
    <property name="java.vm.compressedOopsMode" value="Zero based"/>
    <property name="line.separator" value="&#10;"/>
    <property name="java.vm.specification.vendor" value="Oracle Corporation"/>
    <property name="java.specification.name" value="Java Platform API Specification"/>
    <property name="surefire.real.class.path" value="/Users/shinchuanchen/Documents/University_of_Bristol/JAVA2024/Weekly Workbooks/07 DB assignment/resources/cw-db/target/surefire/surefirebooter17943036747823014272.jar"/>
    <property name="sun.management.compiler" value="HotSpot 64-Bit Tiered Compilers"/>
    <property name="ftp.nonProxyHosts" value="local|*.local|169.254/16|*.169.254/16"/>
    <property name="java.runtime.version" value="17.0.13+11"/>
    <property name="user.name" value="shinchuanchen"/>
    <property name="path.separator" value=":"/>
    <property name="os.version" value="15.3"/>
    <property name="java.runtime.name" value="OpenJDK Runtime Environment"/>
    <property name="file.encoding" value="UTF-8"/>
    <property name="java.vm.name" value="OpenJDK 64-Bit Server VM"/>
    <property name="java.vendor.version" value="Temurin-17.0.13+11"/>
    <property name="localRepository" value="/Users/shinchuanchen/.m2/repository"/>
    <property name="java.vendor.url.bug" value="https://github.com/adoptium/adoptium-support/issues"/>
    <property name="java.io.tmpdir" value="/var/folders/tg/4s50x3ys5sq8yw93plnflgs40000gn/T/"/>
    <property name="java.version" value="17.0.13"/>
    <property name="user.dir" value="/Users/shinchuanchen/Documents/University_of_Bristol/JAVA2024/Weekly Workbooks/07 DB assignment/resources/cw-db"/>
    <property name="os.arch" value="aarch64"/>
    <property name="java.vm.specification.name" value="Java Virtual Machine Specification"/>
    <property name="native.encoding" value="UTF-8"/>
    <property name="java.library.path" value="/Users/shinchuanchen/Library/Java/Extensions:/Library/Java/Extensions:/Network/Library/Java/Extensions:/System/Library/Java/Extensions:/usr/lib/java:."/>
    <property name="java.vm.info" value="mixed mode, sharing"/>
    <property name="java.vendor" value="Eclipse Adoptium"/>
    <property name="java.vm.version" value="17.0.13+11"/>
    <property name="java.specification.maintenance.version" value="1"/>
    <property name="sun.io.unicode.encoding" value="UnicodeBig"/>
    <property name="socksNonProxyHosts" value="local|*.local|169.254/16|*.169.254/16"/>
    <property name="java.class.version" value="61.0"/>
  </properties>
  <testcase name="testInvalidCommands" classname="edu.uob.CustomDBTests" time="0.016">
    <system-out><![CDATA[<DEBUG> SELECT height FROM marks WHERE name  ==  'Chris';
<DEBUG> [SELECT, height, FROM, marks, WHERE, name, ==, 'Chris']
<DEBUG> Where is in :4
<DEBUG> WHERE Condition: [WHERE, name, ==, 'Chris']
<DEBUG> Attribute Name: name
<DEBUG> Comparison Operator: ==
<DEBUG> Value Name: 'Chris'
<DEBUG> SELECT * FROM library;
<DEBUG> [SELECT, *, FROM, library]
]]></system-out>
  </testcase>
  <testcase name="testDropTableAndDatabase" classname="edu.uob.CustomDBTests" time="0.006">
    <system-out><![CDATA[[DEBUG] 1 command : INSERT INTO marks VALUES ('Simon', 65, TRUE);
[DEBUG] 2 command : INSERT INTO marks VALUES  ( 'Simon' ,  65 ,  TRUE);
<DEBUG> SELECT * FROM marks;
<DEBUG> [SELECT, *, FROM, marks]
]]></system-out>
  </testcase>
  <testcase name="testCreateAndInsert" classname="edu.uob.CustomDBTests" time="0.003">
    <system-out><![CDATA[[DEBUG] 1 command : INSERT INTO marks VALUES ('Simon', 65, TRUE);
[DEBUG] 2 command : INSERT INTO marks VALUES  ( 'Simon' ,  65 ,  TRUE);
[DEBUG] 1 command : INSERT INTO marks VALUES ('Sion', 55, TRUE);
[DEBUG] 2 command : INSERT INTO marks VALUES  ( 'Sion' ,  55 ,  TRUE);
[DEBUG] 1 command : INSERT INTO marks VALUES ('Rob', 35, FALSE);
[DEBUG] 2 command : INSERT INTO marks VALUES  ( 'Rob' ,  35 ,  FALSE);
[DEBUG] 1 command : INSERT INTO marks VALUES ('Chris', 20, FALSE);
[DEBUG] 2 command : INSERT INTO marks VALUES  ( 'Chris' ,  20 ,  FALSE);
<DEBUG> SELECT * FROM marks;
<DEBUG> [SELECT, *, FROM, marks]
]]></system-out>
  </testcase>
  <testcase name="testAlterTable" classname="edu.uob.CustomDBTests" time="0.002">
    <system-out><![CDATA[[DEBUG] 1 command : INSERT INTO marks VALUES ('Simon', 65, TRUE);
[DEBUG] 2 command : INSERT INTO marks VALUES  ( 'Simon' ,  65 ,  TRUE);
<DEBUG> SELECT * FROM marks;
<DEBUG> [SELECT, *, FROM, marks]
<DEBUG> SELECT * FROM marks;
<DEBUG> [SELECT, *, FROM, marks]
]]></system-out>
  </testcase>
  <testcase name="testJoin" classname="edu.uob.CustomDBTests" time="0.004">
    <system-out><![CDATA[[DEBUG] 1 command : INSERT INTO coursework VALUES ('OXO', 3);
[DEBUG] 2 command : INSERT INTO coursework VALUES  ( 'OXO' ,  3);
[DEBUG] 1 command : INSERT INTO coursework VALUES ('DB', 1);
[DEBUG] 2 command : INSERT INTO coursework VALUES  ( 'DB' ,  1);
[DEBUG] 1 command : INSERT INTO coursework VALUES ('OXO', 4);
[DEBUG] 2 command : INSERT INTO coursework VALUES  ( 'OXO' ,  4);
[DEBUG] 1 command : INSERT INTO coursework VALUES ('STAG', 2);
[DEBUG] 2 command : INSERT INTO coursework VALUES  ( 'STAG' ,  2);
[DEBUG] 1 command : INSERT INTO marks VALUES ('Simon', 65, TRUE);
[DEBUG] 2 command : INSERT INTO marks VALUES  ( 'Simon' ,  65 ,  TRUE);
[DEBUG] 1 command : INSERT INTO marks VALUES ('Sion', 55, TRUE);
[DEBUG] 2 command : INSERT INTO marks VALUES  ( 'Sion' ,  55 ,  TRUE);
[DEBUG] 1 command : INSERT INTO marks VALUES ('Rob', 35, FALSE);
[DEBUG] 2 command : INSERT INTO marks VALUES  ( 'Rob' ,  35 ,  FALSE);
[DEBUG] 1 command : INSERT INTO marks VALUES ('Chris', 20, FALSE);
[DEBUG] 2 command : INSERT INTO marks VALUES  ( 'Chris' ,  20 ,  FALSE);
]]></system-out>
  </testcase>
  <testcase name="testUpdateAndDelete" classname="edu.uob.CustomDBTests" time="0.004">
    <system-out><![CDATA[[DEBUG] 1 command : INSERT INTO marks VALUES ('Simon', 65, TRUE);
[DEBUG] 2 command : INSERT INTO marks VALUES  ( 'Simon' ,  65 ,  TRUE);
[DEBUG] 1 command : INSERT INTO marks VALUES ('Sion', 55, TRUE);
[DEBUG] 2 command : INSERT INTO marks VALUES  ( 'Sion' ,  55 ,  TRUE);
[DEBUG] 1 command : INSERT INTO marks VALUES ('Rob', 35, FALSE);
[DEBUG] 2 command : INSERT INTO marks VALUES  ( 'Rob' ,  35 ,  FALSE);
[DEBUG] 1 command : INSERT INTO marks VALUES ('Chris', 20, FALSE);
[DEBUG] 2 command : INSERT INTO marks VALUES  ( 'Chris' ,  20 ,  FALSE);
<DEBUG> Set is in :2
<DEBUG> Where is in :6
<DEBUG> Parsed column name :[mark]
<DEBUG> Parsed value :[38]
<DEBUG> Where name: name
<DEBUG> Where operator: ==
<DEBUG> Where value: 'Chris'
<DEBUG> Parsed column indexes :[2]
<DEBUG> WHERE ColumnIndex :1
<DEBUG> Unchanged row :1	Simon	65	TRUE
<DEBUG> Unchanged row :2	Sion	55	TRUE
<DEBUG> Unchanged row :3	Rob	35	FALSE
<DEBUG> Parsed row :4	Chris	38	FALSE
<DEBUG> SELECT * FROM marks WHERE name  ==  'Chris';
<DEBUG> [SELECT, *, FROM, marks, WHERE, name, ==, 'Chris']
<DEBUG> Where is in :4
<DEBUG> WHERE Condition: [WHERE, name, ==, 'Chris']
<DEBUG> Attribute Name: name
<DEBUG> Comparison Operator: ==
<DEBUG> Value Name: 'Chris'
<DEBUG> DELETE FROM marks WHERE name  ==  'Sion';
<DEBUG> [DELETE, FROM, marks, WHERE, name, ==, 'Sion']
<INDEX> Comparison Operator: ==
<INDEX> Value: 'Sion'
<DEBUG> Read Line:  1	Simon	65	TRUE
<DEBUG> Compare Column: Simon
<DEBUG> Read Line:  2	Sion	55	TRUE
<DEBUG> Compare Column: Sion
<DEBUG> Delete Column: 2	Sion	55	TRUE
<DEBUG> Read Line:  3	Rob	35	FALSE
<DEBUG> Compare Column: Rob
<DEBUG> Read Line:  4	Chris	38	FALSE
<DEBUG> Compare Column: Chris
<DEBUG> SELECT * FROM marks;
<DEBUG> [SELECT, *, FROM, marks]
]]></system-out>
  </testcase>
  <testcase name="testWhereClause" classname="edu.uob.CustomDBTests" time="0.004">
    <system-out><![CDATA[[DEBUG] 1 command : INSERT INTO marks VALUES ('Simon', 65, TRUE);
[DEBUG] 2 command : INSERT INTO marks VALUES  ( 'Simon' ,  65 ,  TRUE);
[DEBUG] 1 command : INSERT INTO marks VALUES ('Sion', 55, TRUE);
[DEBUG] 2 command : INSERT INTO marks VALUES  ( 'Sion' ,  55 ,  TRUE);
[DEBUG] 1 command : INSERT INTO marks VALUES ('Rob', 35, FALSE);
[DEBUG] 2 command : INSERT INTO marks VALUES  ( 'Rob' ,  35 ,  FALSE);
[DEBUG] 1 command : INSERT INTO marks VALUES ('Chris', 20, FALSE);
[DEBUG] 2 command : INSERT INTO marks VALUES  ( 'Chris' ,  20 ,  FALSE);
<DEBUG> SELECT * FROM marks WHERE pass  ==  FALSE;
<DEBUG> [SELECT, *, FROM, marks, WHERE, pass, ==, FALSE]
<DEBUG> Where is in :4
<DEBUG> WHERE Condition: [WHERE, pass, ==, FALSE]
<DEBUG> Attribute Name: pass
<DEBUG> Comparison Operator: ==
<DEBUG> Value Name: FALSE
]]></system-out>
  </testcase>
</testsuite>